#
# There is insufficient memory for the Java Runtime Environment to continue.
# Native memory allocation (malloc) failed to allocate 623296 bytes for Chunk::new
# Possible reasons:
#   The system is out of physical RAM or swap space
#   The process is running with CompressedOops enabled, and the Java Heap may be blocking the growth of the native heap
# Possible solutions:
#   Reduce memory load on the system
#   Increase physical memory or swap space
#   Check if swap backing store is full
#   Decrease Java heap size (-Xmx/-Xms)
#   Decrease number of Java threads
#   Decrease Java thread stack sizes (-Xss)
#   Set larger code cache with -XX:ReservedCodeCacheSize=
#   JVM is running with Unscaled Compressed Oops mode in which the Java heap is
#     placed in the first 4GB address space. The Java Heap base address is the
#     maximum limit for the native heap growth. Please use -XX:HeapBaseMinAddress
#     to set the Java Heap base and to place the Java Heap above 4GB virtual address.
# This output file may be truncated or incomplete.
#
#  Out of Memory Error (allocation.cpp:389), pid=29692, tid=0x00000000000062f8
#
# JRE version: Java(TM) SE Runtime Environment (8.0_211-b12) (build 1.8.0_211-b12)
# Java VM: Java HotSpot(TM) 64-Bit Server VM (25.211-b12 mixed mode windows-amd64 compressed oops)
# Failed to write core dump. Minidumps are not enabled by default on client versions of Windows
#

---------------  T H R E A D  ---------------

Current thread (0x0000000015661800):  JavaThread "C2 CompilerThread2" daemon [_thread_in_native, id=25336, stack(0x0000000016ec0000,0x0000000016fc0000)]

Stack: [0x0000000016ec0000,0x0000000016fc0000]
[error occurred during error reporting (printing stack bounds), id 0xc0000005]

Native frames: (J=compiled Java code, j=interpreted, Vv=VM code, C=native code)


Current CompileTask:
C2:   5630 2676       4       org.objectweb.asm.Frame::execute (2318 bytes)


---------------  P R O C E S S  ---------------

Java Threads: ( => current thread )
  0x0000000017f3b800 JavaThread "Cache worker for file content cache (C:\Users\k.fabian\.gradle\caches\6.7.1\fileContent)" [_thread_blocked, id=10612, stack(0x0000000020bd0000,0x0000000020cd0000)]
  0x0000000017f40000 JavaThread "Cache worker for execution history cache (C:\Users\k.fabian\.gradle\caches\6.7.1\executionHistory)" [_thread_blocked, id=11808, stack(0x00000000206d0000,0x00000000207d0000)]
  0x0000000017f3d000 JavaThread "Cache worker for cache directory md-rule (C:\Users\k.fabian\.gradle\caches\6.7.1\md-rule)" [_thread_blocked, id=11864, stack(0x00000000203d0000,0x00000000204d0000)]
  0x0000000017f41800 JavaThread "Cache worker for cache directory md-supplier (C:\Users\k.fabian\.gradle\caches\6.7.1\md-supplier)" [_thread_blocked, id=32960, stack(0x00000000202d0000,0x00000000203d0000)]
  0x0000000017f3f000 JavaThread "Cache worker for checksums cache (C:\programming\workspace\projects\eureka-microservices\eureka-server\.gradle\checksums)" [_thread_blocked, id=36628, stack(0x00000000201d0000,0x00000000202d0000)]
  0x0000000017f3e800 JavaThread "jar transforms Thread 20" [_thread_blocked, id=32720, stack(0x000000001fed0000,0x000000001ffd0000)]
  0x0000000017f40800 JavaThread "jar transforms Thread 19" [_thread_blocked, id=34752, stack(0x000000001fdd0000,0x000000001fed0000)]
  0x0000000017f3d800 JavaThread "jar transforms Thread 18" [_thread_blocked, id=29792, stack(0x000000001fcd0000,0x000000001fdd0000)]
  0x0000000017f3c000 JavaThread "jar transforms Thread 17" [_thread_blocked, id=10608, stack(0x000000001fbd0000,0x000000001fcd0000)]
  0x0000000017f33000 JavaThread "jar transforms Thread 16" [_thread_blocked, id=34976, stack(0x000000001fad0000,0x000000001fbd0000)]
  0x0000000017f3a000 JavaThread "jar transforms Thread 15" [_thread_blocked, id=29420, stack(0x000000001f9d0000,0x000000001fad0000)]
  0x0000000017f39000 JavaThread "jar transforms Thread 14" [_thread_blocked, id=4872, stack(0x000000001f8d0000,0x000000001f9d0000)]
  0x0000000017f38800 JavaThread "jar transforms Thread 13" [_thread_blocked, id=15784, stack(0x000000001f7d0000,0x000000001f8d0000)]
  0x0000000017f37800 JavaThread "jar transforms Thread 12" [_thread_blocked, id=33628, stack(0x000000001f6d0000,0x000000001f7d0000)]
  0x0000000017f37000 JavaThread "jar transforms Thread 11" [_thread_blocked, id=30864, stack(0x000000001f5d0000,0x000000001f6d0000)]
  0x0000000017f35800 JavaThread "jar transforms Thread 10" [_thread_blocked, id=23764, stack(0x000000001f4d0000,0x000000001f5d0000)]
  0x0000000017f36000 JavaThread "jar transforms Thread 9" [_thread_blocked, id=30032, stack(0x000000001f3d0000,0x000000001f4d0000)]
  0x0000000017f34800 JavaThread "jar transforms Thread 8" [_thread_blocked, id=19264, stack(0x000000001f2d0000,0x000000001f3d0000)]
  0x0000000017f32800 JavaThread "jar transforms Thread 7" [_thread_blocked, id=29836, stack(0x000000001f1d0000,0x000000001f2d0000)]
  0x0000000017f34000 JavaThread "jar transforms Thread 6" [_thread_blocked, id=20212, stack(0x000000001f0d0000,0x000000001f1d0000)]
  0x0000000017404800 JavaThread "jar transforms Thread 5" [_thread_blocked, id=10196, stack(0x000000001efd0000,0x000000001f0d0000)]
  0x0000000017404000 JavaThread "jar transforms Thread 4" [_thread_blocked, id=6132, stack(0x000000001d9b0000,0x000000001dab0000)]
  0x000000001740a000 JavaThread "jar transforms Thread 3" [_thread_blocked, id=28868, stack(0x000000001d8b0000,0x000000001d9b0000)]
  0x0000000017409000 JavaThread "jar transforms Thread 2" [_thread_blocked, id=9184, stack(0x000000001d7b0000,0x000000001d8b0000)]
  0x000000001740b000 JavaThread "jar transforms" [_thread_blocked, id=22968, stack(0x000000001d6b0000,0x000000001d7b0000)]
  0x0000000017405800 JavaThread "File lock release action executor" [_thread_blocked, id=33776, stack(0x000000001eed0000,0x000000001efd0000)]
  0x0000000017408800 JavaThread "Cache worker for file hash cache (C:\programming\workspace\projects\eureka-microservices\eureka-server\.gradle\6.7.1\fileHashes)" [_thread_blocked, id=28860, stack(0x000000001eaf0000,0x000000001ebf0000)]
  0x0000000017407800 JavaThread "Cache worker for journal cache (C:\Users\k.fabian\.gradle\caches\journal-1)" [_thread_blocked, id=10676, stack(0x000000001b410000,0x000000001b510000)]
  0x0000000017407000 JavaThread "File lock request listener" [_thread_in_native, id=33068, stack(0x000000001b310000,0x000000001b410000)]
  0x0000000017406000 JavaThread "Cache worker for file hash cache (C:\Users\k.fabian\.gradle\caches\6.7.1\fileHashes)" [_thread_blocked, id=25460, stack(0x000000001b210000,0x000000001b310000)]
  0x00000000193bc000 JavaThread "Thread-9" [_thread_blocked, id=36428, stack(0x000000001af10000,0x000000001b010000)]
  0x00000000193d9000 JavaThread "Stdin handler" [_thread_blocked, id=14240, stack(0x000000001ae10000,0x000000001af10000)]
  0x00000000193b9000 JavaThread "Asynchronous log dispatcher for DefaultDaemonConnection: socket connection from /127.0.0.1:59215 to /127.0.0.1:59221" [_thread_blocked, id=11276, stack(0x000000001ad10000,0x000000001ae10000)]
  0x00000000193e9000 JavaThread "Daemon worker" [_thread_in_native, id=24620, stack(0x000000001ac10000,0x000000001ad10000)]
  0x00000000193b7000 JavaThread "Cancel handler" [_thread_blocked, id=20844, stack(0x000000001ab10000,0x000000001ac10000)]
  0x0000000019317000 JavaThread "Handler for socket connection from /127.0.0.1:59215 to /127.0.0.1:59221" [_thread_in_native, id=35312, stack(0x000000001aa10000,0x000000001ab10000)]
  0x0000000019325800 JavaThread "Daemon" [_thread_blocked, id=27820, stack(0x000000001a610000,0x000000001a710000)]
  0x0000000019333000 JavaThread "Daemon periodic checks" [_thread_blocked, id=13832, stack(0x000000001a510000,0x000000001a610000)]
  0x000000001931f800 JavaThread "Incoming local TCP Connector on port 59215" [_thread_in_native, id=29424, stack(0x000000001a2d0000,0x000000001a3d0000)]
  0x0000000019232000 JavaThread "Daemon health stats" [_thread_blocked, id=5080, stack(0x0000000018a90000,0x0000000018b90000)]
  0x00000000156e5000 JavaThread "Service Thread" daemon [_thread_blocked, id=23376, stack(0x00000000170c0000,0x00000000171c0000)]
  0x0000000015663800 JavaThread "C1 CompilerThread3" daemon [_thread_blocked, id=34020, stack(0x0000000016fc0000,0x00000000170c0000)]
=>0x0000000015661800 JavaThread "C2 CompilerThread2" daemon [_thread_in_native, id=25336, stack(0x0000000016ec0000,0x0000000016fc0000)]
  0x0000000015660000 JavaThread "C2 CompilerThread1" daemon [_thread_in_native, id=16900, stack(0x0000000016dc0000,0x0000000016ec0000)]
  0x000000001565a000 JavaThread "C2 CompilerThread0" daemon [_thread_in_native, id=33500, stack(0x0000000016cc0000,0x0000000016dc0000)]
  0x0000000015654000 JavaThread "Attach Listener" daemon [_thread_blocked, id=23512, stack(0x0000000016bc0000,0x0000000016cc0000)]
  0x0000000015653000 JavaThread "Signal Dispatcher" daemon [_thread_blocked, id=26344, stack(0x0000000016ac0000,0x0000000016bc0000)]
  0x000000000250b000 JavaThread "Finalizer" daemon [_thread_blocked, id=20940, stack(0x00000000168c0000,0x00000000169c0000)]
  0x0000000015643000 JavaThread "Reference Handler" daemon [_thread_blocked, id=26240, stack(0x00000000167c0000,0x00000000168c0000)]
  0x0000000002412800 JavaThread "main" [_thread_blocked, id=34396, stack(0x0000000002310000,0x0000000002410000)]

Other Threads:
  0x0000000015622800 VMThread [stack: 0x00000000166c0000,0x00000000167c0000] [id=20156]
  0x0000000015703000 WatcherThread [stack: 0x00000000171c0000,0x00000000172c0000] [id=35496]

VM state:not at safepoint (normal execution)

VM Mutex/Monitor currently owned by a thread: None

heap address: 0x00000000e0000000, size: 512 MB, Compressed Oops mode: 32-bit
Narrow klass base: 0x0000000000000000, Narrow klass shift: 3
Compressed class space size: 1073741824 Address: 0x0000000100000000

Heap:
 PSYoungGen      total 76288K, used 64508K [0x00000000f5580000, 0x00000000faa80000, 0x0000000100000000)
  eden space 65536K, 90% used [0x00000000f5580000,0x00000000f8f4dab8,0x00000000f9580000)
  from space 10752K, 49% used [0x00000000f9580000,0x00000000f9ab16d8,0x00000000fa000000)
  to   space 10752K, 0% used [0x00000000fa000000,0x00000000fa000000,0x00000000faa80000)
 ParOldGen       total 175104K, used 8002K [0x00000000e0000000, 0x00000000eab00000, 0x00000000f5580000)
  object space 175104K, 4% used [0x00000000e0000000,0x00000000e07d0a00,0x00000000eab00000)
 Metaspace       used 32084K, capacity 33172K, committed 33280K, reserved 1077248K
  class space    used 4543K, capacity 4823K, committed 4864K, reserved 1048576K

Card table byte_map: [0x00000000118d0000,0x00000000119e0000] byte_map_base: 0x00000000111d0000

Marking Bits: (ParMarkBitMap*) 0x0000000054b85ce0
 Begin Bits: [0x0000000012490000, 0x0000000012c90000)
 End Bits:   [0x0000000012c90000, 0x0000000013490000)

Polling page: 0x0000000000980000

CodeCache: size=245760Kb used=10033Kb max_used=10033Kb free=235726Kb
 bounds [0x0000000002510000, 0x0000000002ef0000, 0x0000000011510000]
 total_blobs=3325 nmethods=2648 adapters=589
 compilation: enabled

Compilation events (10 events):
Event: 5.577 Thread 0x0000000015663800 2678       3       java.lang.invoke.LambdaForm$MH/122883338::identity_L (8 bytes)
Event: 5.578 Thread 0x0000000015663800 nmethod 2678 0x0000000002edd150 code [0x0000000002edd2c0, 0x0000000002edd550]
Event: 5.581 Thread 0x0000000015663800 2679       3       java.lang.invoke.DirectMethodHandle::preparedLambdaForm (230 bytes)
Event: 5.582 Thread 0x0000000015663800 nmethod 2679 0x0000000002edd610 code [0x0000000002edd880, 0x0000000002ede8d8]
Event: 5.582 Thread 0x0000000015663800 2681       3       java.lang.invoke.DirectMethodHandle::<init> (132 bytes)
Event: 5.584 Thread 0x0000000015663800 nmethod 2681 0x0000000002edef10 code [0x0000000002edf1c0, 0x0000000002ee09d8]
Event: 5.593 Thread 0x0000000015663800 2686       1       sun.reflect.AccessorGenerator::sub (5 bytes)
Event: 5.593 Thread 0x0000000015663800 nmethod 2686 0x0000000002d6ccd0 code [0x0000000002d6ce20, 0x0000000002d6cf10]
Event: 5.593 Thread 0x0000000015663800 2687       3       java.lang.Class::getConstructor (16 bytes)
Event: 5.594 Thread 0x0000000015663800 nmethod 2687 0x0000000002ee1690 code [0x0000000002ee1820, 0x0000000002ee1a28]

GC Heap History (10 events):
Event: 3.287 GC heap before
{Heap before GC invocations=2 (full 0):
 PSYoungGen      total 76288K, used 71401K [0x00000000f5580000, 0x00000000faa80000, 0x0000000100000000)
  eden space 65536K, 100% used [0x00000000f5580000,0x00000000f9580000,0x00000000f9580000)
  from space 10752K, 54% used [0x00000000f9580000,0x00000000f9b3a5e0,0x00000000fa000000)
  to   space 10752K, 0% used [0x00000000fa000000,0x00000000fa000000,0x00000000faa80000)
 ParOldGen       total 175104K, used 16K [0x00000000e0000000, 0x00000000eab00000, 0x00000000f5580000)
  object space 175104K, 0% used [0x00000000e0000000,0x00000000e0004000,0x00000000eab00000)
 Metaspace       used 14192K, capacity 14622K, committed 14720K, reserved 1062912K
  class space    used 2011K, capacity 2121K, committed 2176K, reserved 1048576K
Event: 3.294 GC heap after
Heap after GC invocations=2 (full 0):
 PSYoungGen      total 76288K, used 9290K [0x00000000f5580000, 0x00000000faa80000, 0x0000000100000000)
  eden space 65536K, 0% used [0x00000000f5580000,0x00000000f5580000,0x00000000f9580000)
  from space 10752K, 86% used [0x00000000fa000000,0x00000000fa912bb8,0x00000000faa80000)
  to   space 10752K, 0% used [0x00000000f9580000,0x00000000f9580000,0x00000000fa000000)
 ParOldGen       total 175104K, used 24K [0x00000000e0000000, 0x00000000eab00000, 0x00000000f5580000)
  object space 175104K, 0% used [0x00000000e0000000,0x00000000e0006000,0x00000000eab00000)
 Metaspace       used 14192K, capacity 14622K, committed 14720K, reserved 1062912K
  class space    used 2011K, capacity 2121K, committed 2176K, reserved 1048576K
}
Event: 3.955 GC heap before
{Heap before GC invocations=3 (full 0):
 PSYoungGen      total 76288K, used 74826K [0x00000000f5580000, 0x00000000faa80000, 0x0000000100000000)
  eden space 65536K, 100% used [0x00000000f5580000,0x00000000f9580000,0x00000000f9580000)
  from space 10752K, 86% used [0x00000000fa000000,0x00000000fa912bb8,0x00000000faa80000)
  to   space 10752K, 0% used [0x00000000f9580000,0x00000000f9580000,0x00000000fa000000)
 ParOldGen       total 175104K, used 24K [0x00000000e0000000, 0x00000000eab00000, 0x00000000f5580000)
  object space 175104K, 0% used [0x00000000e0000000,0x00000000e0006000,0x00000000eab00000)
 Metaspace       used 19169K, capacity 19848K, committed 19968K, reserved 1067008K
  class space    used 2795K, capacity 2994K, committed 3072K, reserved 1048576K
Event: 3.966 GC heap after
Heap after GC invocations=3 (full 0):
 PSYoungGen      total 76288K, used 10746K [0x00000000f5580000, 0x00000000faa80000, 0x0000000100000000)
  eden space 65536K, 0% used [0x00000000f5580000,0x00000000f5580000,0x00000000f9580000)
  from space 10752K, 99% used [0x00000000f9580000,0x00000000f9ffeb80,0x00000000fa000000)
  to   space 10752K, 0% used [0x00000000fa000000,0x00000000fa000000,0x00000000faa80000)
 ParOldGen       total 175104K, used 756K [0x00000000e0000000, 0x00000000eab00000, 0x00000000f5580000)
  object space 175104K, 0% used [0x00000000e0000000,0x00000000e00bd138,0x00000000eab00000)
 Metaspace       used 19169K, capacity 19848K, committed 19968K, reserved 1067008K
  class space    used 2795K, capacity 2994K, committed 3072K, reserved 1048576K
}
Event: 4.374 GC heap before
{Heap before GC invocations=4 (full 0):
 PSYoungGen      total 76288K, used 26325K [0x00000000f5580000, 0x00000000faa80000, 0x0000000100000000)
  eden space 65536K, 23% used [0x00000000f5580000,0x00000000f64b6b00,0x00000000f9580000)
  from space 10752K, 99% used [0x00000000f9580000,0x00000000f9ffeb80,0x00000000fa000000)
  to   space 10752K, 0% used [0x00000000fa000000,0x00000000fa000000,0x00000000faa80000)
 ParOldGen       total 175104K, used 756K [0x00000000e0000000, 0x00000000eab00000, 0x00000000f5580000)
  object space 175104K, 0% used [0x00000000e0000000,0x00000000e00bd138,0x00000000eab00000)
 Metaspace       used 20324K, capacity 21090K, committed 21248K, reserved 1067008K
  class space    used 2989K, capacity 3205K, committed 3328K, reserved 1048576K
Event: 4.380 GC heap after
Heap after GC invocations=4 (full 0):
 PSYoungGen      total 76288K, used 8249K [0x00000000f5580000, 0x00000000faa80000, 0x0000000100000000)
  eden space 65536K, 0% used [0x00000000f5580000,0x00000000f5580000,0x00000000f9580000)
  from space 10752K, 76% used [0x00000000fa000000,0x00000000fa80e5d0,0x00000000faa80000)
  to   space 10752K, 0% used [0x00000000f9580000,0x00000000f9580000,0x00000000fa000000)
 ParOldGen       total 175104K, used 764K [0x00000000e0000000, 0x00000000eab00000, 0x00000000f5580000)
  object space 175104K, 0% used [0x00000000e0000000,0x00000000e00bf138,0x00000000eab00000)
 Metaspace       used 20324K, capacity 21090K, committed 21248K, reserved 1067008K
  class space    used 2989K, capacity 3205K, committed 3328K, reserved 1048576K
}
Event: 4.380 GC heap before
{Heap before GC invocations=5 (full 1):
 PSYoungGen      total 76288K, used 8249K [0x00000000f5580000, 0x00000000faa80000, 0x0000000100000000)
  eden space 65536K, 0% used [0x00000000f5580000,0x00000000f5580000,0x00000000f9580000)
  from space 10752K, 76% used [0x00000000fa000000,0x00000000fa80e5d0,0x00000000faa80000)
  to   space 10752K, 0% used [0x00000000f9580000,0x00000000f9580000,0x00000000fa000000)
 ParOldGen       total 175104K, used 764K [0x00000000e0000000, 0x00000000eab00000, 0x00000000f5580000)
  object space 175104K, 0% used [0x00000000e0000000,0x00000000e00bf138,0x00000000eab00000)
 Metaspace       used 20324K, capacity 21090K, committed 21248K, reserved 1067008K
  class space    used 2989K, capacity 3205K, committed 3328K, reserved 1048576K
Event: 4.410 GC heap after
Heap after GC invocations=5 (full 1):
 PSYoungGen      total 76288K, used 0K [0x00000000f5580000, 0x00000000faa80000, 0x0000000100000000)
  eden space 65536K, 0% used [0x00000000f5580000,0x00000000f5580000,0x00000000f9580000)
  from space 10752K, 0% used [0x00000000fa000000,0x00000000fa000000,0x00000000faa80000)
  to   space 10752K, 0% used [0x00000000f9580000,0x00000000f9580000,0x00000000fa000000)
 ParOldGen       total 175104K, used 7994K [0x00000000e0000000, 0x00000000eab00000, 0x00000000f5580000)
  object space 175104K, 4% used [0x00000000e0000000,0x00000000e07cea00,0x00000000eab00000)
 Metaspace       used 20324K, capacity 21090K, committed 21248K, reserved 1067008K
  class space    used 2989K, capacity 3205K, committed 3328K, reserved 1048576K
}
Event: 4.928 GC heap before
{Heap before GC invocations=6 (full 1):
 PSYoungGen      total 76288K, used 65536K [0x00000000f5580000, 0x00000000faa80000, 0x0000000100000000)
  eden space 65536K, 100% used [0x00000000f5580000,0x00000000f9580000,0x00000000f9580000)
  from space 10752K, 0% used [0x00000000fa000000,0x00000000fa000000,0x00000000faa80000)
  to   space 10752K, 0% used [0x00000000f9580000,0x00000000f9580000,0x00000000fa000000)
 ParOldGen       total 175104K, used 7994K [0x00000000e0000000, 0x00000000eab00000, 0x00000000f5580000)
  object space 175104K, 4% used [0x00000000e0000000,0x00000000e07cea00,0x00000000eab00000)
 Metaspace       used 24462K, capacity 25432K, committed 25600K, reserved 1071104K
  class space    used 3673K, capacity 3970K, committed 4096K, reserved 1048576K
Event: 4.931 GC heap after
Heap after GC invocations=6 (full 1):
 PSYoungGen      total 76288K, used 5317K [0x00000000f5580000, 0x00000000faa80000, 0x0000000100000000)
  eden space 65536K, 0% used [0x00000000f5580000,0x00000000f5580000,0x00000000f9580000)
  from space 10752K, 49% used [0x00000000f9580000,0x00000000f9ab16d8,0x00000000fa000000)
  to   space 10752K, 0% used [0x00000000fa000000,0x00000000fa000000,0x00000000faa80000)
 ParOldGen       total 175104K, used 8002K [0x00000000e0000000, 0x00000000eab00000, 0x00000000f5580000)
  object space 175104K, 4% used [0x00000000e0000000,0x00000000e07d0a00,0x00000000eab00000)
 Metaspace       used 24462K, capacity 25432K, committed 25600K, reserved 1071104K
  class space    used 3673K, capacity 3970K, committed 4096K, reserved 1048576K
}

Deoptimization events (10 events):
Event: 4.473 Thread 0x00000000193e9000 Uncommon trap: reason=unstable_if action=reinterpret pc=0x0000000002b1d024 method=java.net.URLClassLoader.getAndVerifyPackage(Ljava/lang/String;Ljava/util/jar/Manifest;Ljava/net/URL;)Ljava/lang/Package; @ 62
Event: 4.474 Thread 0x00000000193e9000 Uncommon trap: reason=bimorphic action=maybe_recompile pc=0x0000000002b6b160 method=java.lang.ClassLoader.getPackage(Ljava/lang/String;)Ljava/lang/Package; @ 47
Event: 4.474 Thread 0x00000000193e9000 Uncommon trap: reason=unstable_if action=reinterpret pc=0x0000000002b6accc method=java.net.URLClassLoader.getAndVerifyPackage(Ljava/lang/String;Ljava/util/jar/Manifest;Ljava/net/URL;)Ljava/lang/Package; @ 62
Event: 4.600 Thread 0x00000000193e9000 Uncommon trap: reason=unstable_if action=reinterpret pc=0x0000000002af8f20 method=java.util.HashMap.hash(Ljava/lang/Object;)I @ 1
Event: 4.700 Thread 0x00000000193e9000 Uncommon trap: reason=unstable_if action=reinterpret pc=0x0000000002806e0c method=java.io.WinNTFileSystem.resolve(Ljava/lang/String;Ljava/lang/String;)Ljava/lang/String; @ 49
Event: 4.987 Thread 0x00000000193e9000 Uncommon trap: reason=unstable_if action=reinterpret pc=0x0000000002bafaec method=java.lang.ClassLoader.getClassLoadingLock(Ljava/lang/String;)Ljava/lang/Object; @ 6
Event: 5.008 Thread 0x00000000193e9000 Uncommon trap: reason=class_check action=maybe_recompile pc=0x0000000002ba34d4 method=java.io.BufferedInputStream.read([BII)I @ 101
Event: 5.009 Thread 0x00000000193e9000 Uncommon trap: reason=class_check action=maybe_recompile pc=0x0000000002ba34d4 method=java.io.BufferedInputStream.read([BII)I @ 101
Event: 5.009 Thread 0x00000000193e9000 Uncommon trap: reason=class_check action=maybe_recompile pc=0x0000000002ba34d4 method=java.io.BufferedInputStream.read([BII)I @ 101
Event: 5.010 Thread 0x00000000193e9000 Uncommon trap: reason=class_check action=maybe_recompile pc=0x0000000002ba34d4 method=java.io.BufferedInputStream.read([BII)I @ 101

Classes redefined (0 events):
No events

Internal exceptions (10 events):
Event: 5.278 Thread 0x00000000193e9000 Exception <a 'java/lang/ClassNotFoundException': groovy/lang/Closure$1Customizer> (0x00000000f6f1e550) thrown at [C:\re\workspace\8-2-build-windows-amd64-cygwin\jdk8u211\12973\hotspot\src\share\vm\classfile\systemDictionary.cpp, line 210]
Event: 5.392 Thread 0x00000000193e9000 Exception <a 'java/lang/ClassNotFoundException': org/gradle/internal/metaobject/ConfigureDelegateBeanInfo> (0x00000000f75f4350) thrown at [C:\re\workspace\8-2-build-windows-amd64-cygwin\jdk8u211\12973\hotspot\src\share\vm\classfile\systemDictionary.cpp, l
Event: 5.393 Thread 0x00000000193e9000 Exception <a 'java/lang/ClassNotFoundException': org/gradle/internal/metaobject/ConfigureDelegateCustomizer> (0x00000000f76452b8) thrown at [C:\re\workspace\8-2-build-windows-amd64-cygwin\jdk8u211\12973\hotspot\src\share\vm\classfile\systemDictionary.cpp,
Event: 5.397 Thread 0x00000000193e9000 Exception <a 'java/lang/ClassNotFoundException': org/gradle/api/internal/initialization/DefaultScriptHandlerBeanInfo> (0x00000000f76ce1b8) thrown at [C:\re\workspace\8-2-build-windows-amd64-cygwin\jdk8u211\12973\hotspot\src\share\vm\classfile\systemDictio
Event: 5.398 Thread 0x00000000193e9000 Exception <a 'java/lang/ClassNotFoundException': org/gradle/api/internal/initialization/DefaultScriptHandlerCustomizer> (0x00000000f7706928) thrown at [C:\re\workspace\8-2-build-windows-amd64-cygwin\jdk8u211\12973\hotspot\src\share\vm\classfile\systemDict
Event: 5.502 Thread 0x00000000193e9000 Exception <a 'java/lang/ClassNotFoundException': org/gradle/api/internal/artifacts/dsl/dependencies/DefaultDependencyHandler_DecoratedBeanInfo> (0x00000000f80ee8d0) thrown at [C:\re\workspace\8-2-build-windows-amd64-cygwin\jdk8u211\12973\hotspot\src\share
Event: 5.504 Thread 0x00000000193e9000 Exception <a 'java/lang/ClassNotFoundException': org/gradle/api/internal/artifacts/dsl/dependencies/DefaultDependencyHandlerBeanInfo> (0x00000000f814a300) thrown at [C:\re\workspace\8-2-build-windows-amd64-cygwin\jdk8u211\12973\hotspot\src\share\vm\classf
Event: 5.505 Thread 0x00000000193e9000 Exception <a 'java/lang/ClassNotFoundException': org/gradle/api/internal/artifacts/dsl/dependencies/DefaultDependencyHandlerCustomizer> (0x00000000f81a6c40) thrown at [C:\re\workspace\8-2-build-windows-amd64-cygwin\jdk8u211\12973\hotspot\src\share\vm\clas
Event: 5.507 Thread 0x00000000193e9000 Exception <a 'java/lang/ClassNotFoundException': org/gradle/api/internal/artifacts/dsl/dependencies/DefaultDependencyHandler_DecoratedCustomizer> (0x00000000f8234d80) thrown at [C:\re\workspace\8-2-build-windows-amd64-cygwin\jdk8u211\12973\hotspot\src\sha
Event: 5.579 Thread 0x00000000193e9000 Exception <a 'java/lang/NoSuchMethodError': java.lang.Object.lambda$static$0(Lorg/gradle/api/internal/artifacts/configurations/MutationValidator$MutationType;)V> (0x00000000f8985598) thrown at [C:\re\workspace\8-2-build-windows-amd64-cygwin\jdk8u211\12973

Events (10 events):
Event: 5.627 loading class org/gradle/api/internal/artifacts/dsl/ModuleVersionSelectorParsers$MapConverter
Event: 5.627 loading class org/gradle/api/internal/artifacts/dsl/ModuleVersionSelectorParsers$MapConverter done
Event: 5.627 loading class org/gradle/internal/typeconversion/FlatteningNotationParser
Event: 5.627 loading class org/gradle/internal/typeconversion/FlatteningNotationParser done
Event: 5.628 loading class com/google/common/collect/Iterables$4
Event: 5.628 loading class com/google/common/collect/Iterables$4 done
Event: 5.628 loading class com/google/common/collect/FluentIterable$2
Event: 5.628 loading class com/google/common/collect/FluentIterable$2 done
Event: 5.628 loading class com/google/common/collect/FluentIterable$1
Event: 5.628 loading class com/google/common/collect/FluentIterable$1 done


Dynamic libraries:
0x00007ff60fad0000 - 0x00007ff60fb07000 	C:\Program Files\Java\jdk1.8.0_211\bin\java.exe
0x00007ffdf24e0000 - 0x00007ffdf26d0000 	C:\WINDOWS\SYSTEM32\ntdll.dll
0x00007ffdf0d70000 - 0x00007ffdf0e22000 	C:\WINDOWS\System32\KERNEL32.DLL
0x00007ffdef450000 - 0x00007ffdef6f5000 	C:\WINDOWS\System32\KERNELBASE.dll
0x00007ffdf1970000 - 0x00007ffdf1a13000 	C:\WINDOWS\System32\ADVAPI32.dll
0x00007ffdf2350000 - 0x00007ffdf23ee000 	C:\WINDOWS\System32\msvcrt.dll
0x00007ffdf0ea0000 - 0x00007ffdf0f37000 	C:\WINDOWS\System32\sechost.dll
0x00007ffdf0be0000 - 0x00007ffdf0cff000 	C:\WINDOWS\System32\RPCRT4.dll
0x00007ffdf21a0000 - 0x00007ffdf2334000 	C:\WINDOWS\System32\USER32.dll
0x00007ffdf04a0000 - 0x00007ffdf04c1000 	C:\WINDOWS\System32\win32u.dll
0x00007ffdf12c0000 - 0x00007ffdf12e6000 	C:\WINDOWS\System32\GDI32.dll
0x00007ffdf0300000 - 0x00007ffdf0498000 	C:\WINDOWS\System32\gdi32full.dll
0x00007ffdefef0000 - 0x00007ffdeff8e000 	C:\WINDOWS\System32\msvcp_win.dll
0x00007ffdf0200000 - 0x00007ffdf02fa000 	C:\WINDOWS\System32\ucrtbase.dll
0x00007ffdce200000 - 0x00007ffdce484000 	C:\WINDOWS\WinSxS\amd64_microsoft.windows.common-controls_6595b64144ccf1df_6.0.18362.1440_none_9e7dbfb9e45e8e67\COMCTL32.dll
0x00007ffdf0f50000 - 0x00007ffdf1286000 	C:\WINDOWS\System32\combase.dll
0x00007ffdf0500000 - 0x00007ffdf0581000 	C:\WINDOWS\System32\bcryptPrimitives.dll
0x00007ffdf1290000 - 0x00007ffdf12be000 	C:\WINDOWS\System32\IMM32.DLL
0x0000000054c10000 - 0x0000000054ce2000 	C:\Program Files\Java\jdk1.8.0_211\jre\bin\msvcr100.dll
0x0000000054360000 - 0x0000000054c05000 	C:\Program Files\Java\jdk1.8.0_211\jre\bin\server\jvm.dll
0x00007ffdf1aa0000 - 0x00007ffdf1aa8000 	C:\WINDOWS\System32\PSAPI.DLL
0x00007ffdeb650000 - 0x00007ffdeb674000 	C:\WINDOWS\SYSTEM32\WINMM.dll
0x00007ffde82a0000 - 0x00007ffde82aa000 	C:\WINDOWS\SYSTEM32\VERSION.dll
0x00007ffdd98f0000 - 0x00007ffdd98f9000 	C:\WINDOWS\SYSTEM32\WSOCK32.dll
0x00007ffdf0e30000 - 0x00007ffdf0e9f000 	C:\WINDOWS\System32\WS2_32.dll
0x00007ffdeb620000 - 0x00007ffdeb64d000 	C:\WINDOWS\SYSTEM32\winmmbase.dll
0x00007ffdefea0000 - 0x00007ffdefeea000 	C:\WINDOWS\System32\cfgmgr32.dll
0x00007ffdec010000 - 0x00007ffdec01f000 	C:\Program Files\Java\jdk1.8.0_211\jre\bin\verify.dll
0x00007ffde9530000 - 0x00007ffde9559000 	C:\Program Files\Java\jdk1.8.0_211\jre\bin\java.dll
0x00007ffde9750000 - 0x00007ffde9766000 	C:\Program Files\Java\jdk1.8.0_211\jre\bin\zip.dll
0x00007ffdf1ab0000 - 0x00007ffdf2198000 	C:\WINDOWS\System32\SHELL32.dll
0x00007ffdf23f0000 - 0x00007ffdf2497000 	C:\WINDOWS\System32\shcore.dll
0x00007ffdef700000 - 0x00007ffdefe7b000 	C:\WINDOWS\System32\windows.storage.dll
0x00007ffdef430000 - 0x00007ffdef44e000 	C:\WINDOWS\System32\profapi.dll
0x00007ffdef3a0000 - 0x00007ffdef3ea000 	C:\WINDOWS\System32\powrprof.dll
0x00007ffdef390000 - 0x00007ffdef3a0000 	C:\WINDOWS\System32\UMPDC.dll
0x00007ffdf0660000 - 0x00007ffdf06b2000 	C:\WINDOWS\System32\shlwapi.dll
0x00007ffdef3f0000 - 0x00007ffdef401000 	C:\WINDOWS\System32\kernel.appcore.dll
0x00007ffdefe80000 - 0x00007ffdefe97000 	C:\WINDOWS\System32\cryptsp.dll
0x00007ffde7010000 - 0x00007ffde702a000 	C:\Program Files\Java\jdk1.8.0_211\jre\bin\net.dll
0x00007ffdd71e0000 - 0x00007ffdd73b7000 	C:\WINDOWS\SYSTEM32\urlmon.dll
0x00007ffdd67d0000 - 0x00007ffdd6a77000 	C:\WINDOWS\SYSTEM32\iertutil.dll
0x00007ffdeed00000 - 0x00007ffdeed0c000 	C:\WINDOWS\SYSTEM32\CRYPTBASE.DLL
0x00007ffdeeb80000 - 0x00007ffdeebe7000 	C:\WINDOWS\system32\mswsock.dll
0x00007ffddf090000 - 0x00007ffddf0a2000 	C:\Program Files\Java\jdk1.8.0_211\jre\bin\nio.dll
0x00007ffde97c0000 - 0x00007ffde97e7000 	C:\Users\k.fabian\.gradle\native\fdc75f09e3144964f2cf3f50f0aa648679c211496f362492102eb8c894070792\windows-amd64\native-platform.dll
0x00007ffd959b0000 - 0x00007ffd95b46000 	C:\Users\k.fabian\.gradle\native\12488b8bf47d2d4c9fbf2f6322a914ad602e24e48041cd04a747c6da556b65c4\windows-amd64\native-platform-file-events.dll
0x00007ffdebef0000 - 0x00007ffdebefd000 	C:\Program Files\Java\jdk1.8.0_211\jre\bin\management.dll
0x00007ffdee710000 - 0x00007ffdee743000 	C:\WINDOWS\system32\rsaenh.dll
0x00007ffdf04d0000 - 0x00007ffdf04f6000 	C:\WINDOWS\System32\bcrypt.dll
0x00007ffdef270000 - 0x00007ffdef295000 	C:\WINDOWS\SYSTEM32\USERENV.dll
0x00007ffdee8a0000 - 0x00007ffdee8da000 	C:\WINDOWS\SYSTEM32\IPHLPAPI.DLL
0x00007ffdf2340000 - 0x00007ffdf2348000 	C:\WINDOWS\System32\NSI.dll
0x00007ffde7da0000 - 0x00007ffde7db6000 	C:\WINDOWS\SYSTEM32\dhcpcsvc6.DLL
0x00007ffde7d80000 - 0x00007ffde7d9c000 	C:\WINDOWS\SYSTEM32\dhcpcsvc.DLL
0x00007ffdee8e0000 - 0x00007ffdee9ab000 	C:\WINDOWS\SYSTEM32\DNSAPI.dll
0x00007ffde7dc0000 - 0x00007ffde7dcb000 	C:\WINDOWS\SYSTEM32\WINNSI.DLL

VM Arguments:
jvm_args: -XX:MaxMetaspaceSize=256m -XX:+HeapDumpOnOutOfMemoryError -Xms256m -Xmx512m -Dfile.encoding=windows-1252 -Duser.country=US -Duser.language=en -Duser.variant 
java_command: org.gradle.launcher.daemon.bootstrap.GradleDaemon 6.7.1
java_class_path (initial): C:\Users\k.fabian\.gradle\wrapper\dists\gradle-6.7.1-bin\bwlcbys1h7rz3272sye1xwiv6\gradle-6.7.1\lib\gradle-launcher-6.7.1.jar
Launcher Type: SUN_STANDARD

Environment Variables:
JAVA_HOME=C:\Program Files\Java\jdk1.8.0_211
JRE_HOME=C:\Program Files\Java\jre1.8.0_211
PATH=C:\Program Files (x86)\Common Files\Oracle\Java\javapath;C:\Program Files (x86)\Intel\Intel(R) Management Engine Components\iCLS\;C:\Program Files\Intel\Intel(R) Management Engine Components\iCLS\;C:\Windows\system32;C:\Windows;C:\Windows\System32\Wbem;C:\Windows\System32\WindowsPowerShell\v1.0\;C:\Windows\System32\OpenSSH\;C:\Program Files (x86)\Intel\Intel(R) Management Engine Components\DAL;C:\Program Files\Intel\Intel(R) Management Engine Components\DAL;C:\Program Files (x86)\Intel\Intel(R) Management Engine Components\IPT;C:\Program Files\Intel\Intel(R) Management Engine Components\IPT;C:\Program Files\Git\cmd;C:\Gradle\gradle-6.0.1\bin;C:\Program Files (x86)\NVIDIA Corporation\PhysX\Common;flutter\bin;C:\WINDOWS\system32;C:\WINDOWS;C:\WINDOWS\System32\Wbem;C:\WINDOWS\System32\WindowsPowerShell\v1.0\;C:\WINDOWS\System32\OpenSSH\;C:\Program Files\Intel\WiFi\bin\;C:\Program Files\Common Files\Intel\WirelessCommon\;C:\Program Files\PuTTY\;C:\Users\k.fabian\AppData\Roaming\nvm;C:\Program Files\nodejs;C:\Program Files\Docker\Docker\resources\bin;C:\ProgramData\DockerDesktop\version-bin;C:\Users\k.fabian\AppData\Roaming\npm;C:\Program Files\MySQL\MySQL Shell 8.0\bin\;C:\Users\k.fabian\AppData\Local\Programs\Microsoft VS Code\bin;C:\Program Files\Java\jre1.8.0_211\bin;C:\Users\k.fabian\AppData\Local\Microsoft\WindowsApps;C:\Program Files\Intel\WiFi\bin\;C:\Program Files\Common Files\Intel\WirelessCommon\;C:\Users\k.fabian\AppData\Roaming\nvm;C:\Program Files\nodejs
USERNAME=k.fabian
OS=Windows_NT
PROCESSOR_IDENTIFIER=Intel64 Family 6 Model 158 Stepping 10, GenuineIntel



---------------  S Y S T E M  ---------------

OS: Windows 10.0 , 64 bit Build 18362 (10.0.18362.1350)

CPU:total 12 (initial active 12) (6 cores per cpu, 2 threads per core) family 6 model 158 stepping 10, cmov, cx8, fxsr, mmx, sse, sse2, sse3, ssse3, sse4.1, sse4.2, popcnt, avx, avx2, aes, clmul, erms, 3dnowpref, lzcnt, ht, tsc, tscinvbit, bmi1, bmi2, adx

Memory: 4k page, physical 25008720k(4705872k free), swap 39131076k(5340k free)

vm_info: Java HotSpot(TM) 64-Bit Server VM (25.211-b12) for windows-amd64 JRE (1.8.0_211-b12), built on Apr  1 2019 20:53:26 by "java_re" with MS VC++ 10.0 (VS2010)

time: Wed Apr 14 16:56:02 2021
timezone: Malay Peninsula Standard Time
elapsed time: 5 seconds (0d 0h 0m 5s)

