#
# There is insufficient memory for the Java Runtime Environment to continue.
# Native memory allocation (malloc) failed to allocate 262160 bytes for Chunk::new
# Possible reasons:
#   The system is out of physical RAM or swap space
#   The process is running with CompressedOops enabled, and the Java Heap may be blocking the growth of the native heap
# Possible solutions:
#   Reduce memory load on the system
#   Increase physical memory or swap space
#   Check if swap backing store is full
#   Decrease Java heap size (-Xmx/-Xms)
#   Decrease number of Java threads
#   Decrease Java thread stack sizes (-Xss)
#   Set larger code cache with -XX:ReservedCodeCacheSize=
#   JVM is running with Unscaled Compressed Oops mode in which the Java heap is
#     placed in the first 4GB address space. The Java Heap base address is the
#     maximum limit for the native heap growth. Please use -XX:HeapBaseMinAddress
#     to set the Java Heap base and to place the Java Heap above 4GB virtual address.
# This output file may be truncated or incomplete.
#
#  Out of Memory Error (allocation.cpp:389), pid=10880, tid=0x0000000000001320
#
# JRE version: Java(TM) SE Runtime Environment (8.0_211-b12) (build 1.8.0_211-b12)
# Java VM: Java HotSpot(TM) 64-Bit Server VM (25.211-b12 mixed mode windows-amd64 compressed oops)
# Failed to write core dump. Minidumps are not enabled by default on client versions of Windows
#

---------------  T H R E A D  ---------------

Current thread (0x0000000016410800):  JavaThread "C2 CompilerThread2" daemon [_thread_in_native, id=4896, stack(0x0000000017c50000,0x0000000017d50000)]

Stack: [0x0000000017c50000,0x0000000017d50000]
[error occurred during error reporting (printing stack bounds), id 0xc0000005]

Native frames: (J=compiled Java code, j=interpreted, Vv=VM code, C=native code)


Current CompileTask:
C2:   4811 1597   !   4       java.net.URLClassLoader$1::run (63 bytes)


---------------  P R O C E S S  ---------------

Java Threads: ( => current thread )
  0x000000001828c000 JavaThread "Cache worker for journal cache (C:\Users\k.fabian\.gradle\caches\journal-1)" [_thread_blocked, id=23472, stack(0x000000001c1a0000,0x000000001c2a0000)]
  0x0000000018287800 JavaThread "File lock request listener" [_thread_in_native, id=35280, stack(0x000000001c0a0000,0x000000001c1a0000)]
  0x0000000018289800 JavaThread "Cache worker for file hash cache (C:\Users\k.fabian\.gradle\caches\6.7.1\fileHashes)" [_thread_blocked, id=33732, stack(0x000000001bfa0000,0x000000001c0a0000)]
  0x000000001a135800 JavaThread "Thread-9" [_thread_blocked, id=27748, stack(0x000000001bca0000,0x000000001bda0000)]
  0x000000001a147800 JavaThread "Stdin handler" [_thread_blocked, id=3292, stack(0x000000001bba0000,0x000000001bca0000)]
  0x000000001a13a000 JavaThread "Asynchronous log dispatcher for DefaultDaemonConnection: socket connection from /127.0.0.1:59181 to /127.0.0.1:59182" [_thread_blocked, id=35824, stack(0x000000001baa0000,0x000000001bba0000)]
  0x000000001a137000 JavaThread "Daemon worker" [_thread_blocked, id=2296, stack(0x000000001b9a0000,0x000000001baa0000)]
  0x000000001a13f000 JavaThread "Cancel handler" [_thread_blocked, id=22652, stack(0x000000001b8a0000,0x000000001b9a0000)]
  0x000000001a0ae000 JavaThread "Handler for socket connection from /127.0.0.1:59181 to /127.0.0.1:59182" [_thread_in_native, id=26900, stack(0x000000001b7a0000,0x000000001b8a0000)]
  0x000000001a0aa800 JavaThread "Daemon" [_thread_blocked, id=2108, stack(0x000000001b3a0000,0x000000001b4a0000)]
  0x000000001a088000 JavaThread "Daemon periodic checks" [_thread_blocked, id=34356, stack(0x000000001b2a0000,0x000000001b3a0000)]
  0x000000001a07a800 JavaThread "Incoming local TCP Connector on port 59181" [_thread_in_native, id=32256, stack(0x000000001b060000,0x000000001b160000)]
  0x0000000019f99800 JavaThread "Daemon health stats" [_thread_blocked, id=5588, stack(0x0000000019820000,0x0000000019920000)]
  0x00000000164a0000 JavaThread "Service Thread" daemon [_thread_blocked, id=33932, stack(0x0000000017e50000,0x0000000017f50000)]
  0x0000000016411800 JavaThread "C1 CompilerThread3" daemon [_thread_blocked, id=20764, stack(0x0000000017d50000,0x0000000017e50000)]
=>0x0000000016410800 JavaThread "C2 CompilerThread2" daemon [_thread_in_native, id=4896, stack(0x0000000017c50000,0x0000000017d50000)]
  0x0000000016408800 JavaThread "C2 CompilerThread1" daemon [_thread_in_native, id=20128, stack(0x0000000017b50000,0x0000000017c50000)]
  0x0000000016403000 JavaThread "C2 CompilerThread0" daemon [_thread_blocked, id=33884, stack(0x0000000017a50000,0x0000000017b50000)]
  0x0000000016401000 JavaThread "Attach Listener" daemon [_thread_blocked, id=23484, stack(0x0000000017950000,0x0000000017a50000)]
  0x0000000016400000 JavaThread "Signal Dispatcher" daemon [_thread_blocked, id=19116, stack(0x0000000017850000,0x0000000017950000)]
  0x0000000014d07800 JavaThread "Finalizer" daemon [_thread_blocked, id=33284, stack(0x0000000017650000,0x0000000017750000)]
  0x00000000163f3000 JavaThread "Reference Handler" daemon [_thread_blocked, id=12164, stack(0x0000000017550000,0x0000000017650000)]
  0x0000000003192800 JavaThread "main" [_thread_blocked, id=26680, stack(0x0000000003060000,0x0000000003160000)]

Other Threads:
  0x0000000014cf6800 VMThread [stack: 0x0000000017450000,0x0000000017550000] [id=15604]
  0x00000000164be800 WatcherThread [stack: 0x0000000017f50000,0x0000000018050000] [id=20452]

VM state:not at safepoint (normal execution)

VM Mutex/Monitor currently owned by a thread: None

heap address: 0x00000000e0000000, size: 512 MB, Compressed Oops mode: 32-bit
Narrow klass base: 0x0000000000000000, Narrow klass shift: 3
Compressed class space size: 1073741824 Address: 0x0000000100000000

Heap:
 PSYoungGen      total 76288K, used 29032K [0x00000000f5580000, 0x00000000faa80000, 0x0000000100000000)
  eden space 65536K, 30% used [0x00000000f5580000,0x00000000f68c3a58,0x00000000f9580000)
  from space 10752K, 86% used [0x00000000fa000000,0x00000000fa916668,0x00000000faa80000)
  to   space 10752K, 0% used [0x00000000f9580000,0x00000000f9580000,0x00000000fa000000)
 ParOldGen       total 175104K, used 24K [0x00000000e0000000, 0x00000000eab00000, 0x00000000f5580000)
  object space 175104K, 0% used [0x00000000e0000000,0x00000000e0006000,0x00000000eab00000)
 Metaspace       used 16101K, capacity 16656K, committed 16896K, reserved 1062912K
  class space    used 2289K, capacity 2446K, committed 2560K, reserved 1048576K

Card table byte_map: [0x0000000012650000,0x0000000012760000] byte_map_base: 0x0000000011f50000

Marking Bits: (ParMarkBitMap*) 0x0000000054b85ce0
 Begin Bits: [0x0000000013210000, 0x0000000013a10000)
 End Bits:   [0x0000000013a10000, 0x0000000014210000)

Polling page: 0x0000000001790000

CodeCache: size=245760Kb used=5509Kb max_used=5518Kb free=240250Kb
 bounds [0x0000000003290000, 0x0000000003800000, 0x0000000012290000]
 total_blobs=1988 nmethods=1593 adapters=307
 compilation: enabled

Compilation events (10 events):
Event: 4.772 Thread 0x0000000016403000 1594       4       java.util.ArrayList$Itr::next (66 bytes)
Event: 4.772 Thread 0x0000000016411800 nmethod 1592 0x00000000037f1190 code [0x00000000037f1360, 0x00000000037f1a58]
Event: 4.772 Thread 0x0000000016411800 1593       3       sun.misc.ProxyGenerator::codeLocalLoadStore (90 bytes)
Event: 4.772 Thread 0x0000000016411800 nmethod 1593 0x00000000037f3d90 code [0x00000000037f3fe0, 0x00000000037f5108]
Event: 4.773 Thread 0x0000000016403000 nmethod 1594 0x00000000037f0dd0 code [0x00000000037f0f20, 0x00000000037f1038]
Event: 4.773 Thread 0x0000000016411800 1595       1       java.util.TreeMap::access$100 (5 bytes)
Event: 4.773 Thread 0x0000000016411800 nmethod 1595 0x00000000037f0ad0 code [0x00000000037f0c20, 0x00000000037f0d10]
Event: 4.774 Thread 0x0000000016411800 1596       3       java.util.concurrent.locks.AbstractQueuedSynchronizer::setState (6 bytes)
Event: 4.774 Thread 0x0000000016411800 nmethod 1596 0x00000000037f3810 code [0x00000000037f3960, 0x00000000037f3ab0]
Event: 4.776 Thread 0x0000000016410800 1597   !   4       java.net.URLClassLoader$1::run (63 bytes)

GC Heap History (4 events):
Event: 2.036 GC heap before
{Heap before GC invocations=1 (full 0):
 PSYoungGen      total 76288K, used 65536K [0x00000000f5580000, 0x00000000faa80000, 0x0000000100000000)
  eden space 65536K, 100% used [0x00000000f5580000,0x00000000f9580000,0x00000000f9580000)
  from space 10752K, 0% used [0x00000000fa000000,0x00000000fa000000,0x00000000faa80000)
  to   space 10752K, 0% used [0x00000000f9580000,0x00000000f9580000,0x00000000fa000000)
 ParOldGen       total 175104K, used 0K [0x00000000e0000000, 0x00000000eab00000, 0x00000000f5580000)
  object space 175104K, 0% used [0x00000000e0000000,0x00000000e0000000,0x00000000eab00000)
 Metaspace       used 7309K, capacity 7550K, committed 7680K, reserved 1056768K
  class space    used 920K, capacity 1005K, committed 1024K, reserved 1048576K
Event: 2.046 GC heap after
Heap after GC invocations=1 (full 0):
 PSYoungGen      total 76288K, used 5817K [0x00000000f5580000, 0x00000000faa80000, 0x0000000100000000)
  eden space 65536K, 0% used [0x00000000f5580000,0x00000000f5580000,0x00000000f9580000)
  from space 10752K, 54% used [0x00000000f9580000,0x00000000f9b2e648,0x00000000fa000000)
  to   space 10752K, 0% used [0x00000000fa000000,0x00000000fa000000,0x00000000faa80000)
 ParOldGen       total 175104K, used 16K [0x00000000e0000000, 0x00000000eab00000, 0x00000000f5580000)
  object space 175104K, 0% used [0x00000000e0000000,0x00000000e0004000,0x00000000eab00000)
 Metaspace       used 7309K, capacity 7550K, committed 7680K, reserved 1056768K
  class space    used 920K, capacity 1005K, committed 1024K, reserved 1048576K
}
Event: 4.585 GC heap before
{Heap before GC invocations=2 (full 0):
 PSYoungGen      total 76288K, used 71353K [0x00000000f5580000, 0x00000000faa80000, 0x0000000100000000)
  eden space 65536K, 100% used [0x00000000f5580000,0x00000000f9580000,0x00000000f9580000)
  from space 10752K, 54% used [0x00000000f9580000,0x00000000f9b2e648,0x00000000fa000000)
  to   space 10752K, 0% used [0x00000000fa000000,0x00000000fa000000,0x00000000faa80000)
 ParOldGen       total 175104K, used 16K [0x00000000e0000000, 0x00000000eab00000, 0x00000000f5580000)
  object space 175104K, 0% used [0x00000000e0000000,0x00000000e0004000,0x00000000eab00000)
 Metaspace       used 14205K, capacity 14638K, committed 14720K, reserved 1062912K
  class space    used 2011K, capacity 2121K, committed 2176K, reserved 1048576K
Event: 4.593 GC heap after
Heap after GC invocations=2 (full 0):
 PSYoungGen      total 76288K, used 9305K [0x00000000f5580000, 0x00000000faa80000, 0x0000000100000000)
  eden space 65536K, 0% used [0x00000000f5580000,0x00000000f5580000,0x00000000f9580000)
  from space 10752K, 86% used [0x00000000fa000000,0x00000000fa916668,0x00000000faa80000)
  to   space 10752K, 0% used [0x00000000f9580000,0x00000000f9580000,0x00000000fa000000)
 ParOldGen       total 175104K, used 24K [0x00000000e0000000, 0x00000000eab00000, 0x00000000f5580000)
  object space 175104K, 0% used [0x00000000e0000000,0x00000000e0006000,0x00000000eab00000)
 Metaspace       used 14205K, capacity 14638K, committed 14720K, reserved 1062912K
  class space    used 2011K, capacity 2121K, committed 2176K, reserved 1048576K
}

Deoptimization events (10 events):
Event: 4.353 Thread 0x000000001a137000 Uncommon trap: reason=bimorphic action=maybe_recompile pc=0x00000000034daabc method=java.util.HashMap.putVal(ILjava/lang/Object;Ljava/lang/Object;ZZ)Ljava/lang/Object; @ 253
Event: 4.353 Thread 0x000000001a137000 Uncommon trap: reason=class_check action=maybe_recompile pc=0x00000000034dafdc method=java.util.HashMap.putVal(ILjava/lang/Object;Ljava/lang/Object;ZZ)Ljava/lang/Object; @ 203
Event: 4.353 Thread 0x000000001a137000 Uncommon trap: reason=class_check action=maybe_recompile pc=0x00000000034dafdc method=java.util.HashMap.putVal(ILjava/lang/Object;Ljava/lang/Object;ZZ)Ljava/lang/Object; @ 203
Event: 4.353 Thread 0x000000001a137000 Uncommon trap: reason=bimorphic action=maybe_recompile pc=0x00000000034e6b98 method=java.util.HashMap.putVal(ILjava/lang/Object;Ljava/lang/Object;ZZ)Ljava/lang/Object; @ 253
Event: 4.353 Thread 0x000000001a137000 Uncommon trap: reason=bimorphic action=maybe_recompile pc=0x00000000034e6b98 method=java.util.HashMap.putVal(ILjava/lang/Object;Ljava/lang/Object;ZZ)Ljava/lang/Object; @ 253
Event: 4.617 Thread 0x000000001a137000 Uncommon trap: reason=class_check action=maybe_recompile pc=0x00000000035c16c4 method=java.util.regex.Matcher.match(II)Z @ 86
Event: 4.631 Thread 0x000000001a137000 Uncommon trap: reason=class_check action=maybe_recompile pc=0x00000000035c16c4 method=java.util.regex.Matcher.match(II)Z @ 86
Event: 4.631 Thread 0x000000001a137000 Uncommon trap: reason=class_check action=maybe_recompile pc=0x00000000035c16c4 method=java.util.regex.Matcher.match(II)Z @ 86
Event: 4.631 Thread 0x000000001a137000 Uncommon trap: reason=class_check action=maybe_recompile pc=0x000000000344265c method=java.util.regex.Matcher.match(II)Z @ 86
Event: 4.691 Thread 0x000000001a137000 Uncommon trap: reason=unstable_if action=reinterpret pc=0x000000000359e34c method=java.io.File.getName()Ljava/lang/String; @ 16

Classes redefined (0 events):
No events

Internal exceptions (10 events):
Event: 4.313 Thread 0x000000001a0ae000 Exception <a 'java/lang/NoSuchMethodError': <clinit>> (0x00000000f7813820) thrown at [C:\re\workspace\8-2-build-windows-amd64-cygwin\jdk8u211\12973\hotspot\src\share\vm\prims\jni.cpp, line 1614]
Event: 4.314 Thread 0x000000001a0ae000 Exception <a 'java/lang/NoSuchMethodError': <clinit>> (0x00000000f782a018) thrown at [C:\re\workspace\8-2-build-windows-amd64-cygwin\jdk8u211\12973\hotspot\src\share\vm\prims\jni.cpp, line 1614]
Event: 4.323 Thread 0x000000001a0ae000 Exception <a 'java/lang/NoSuchMethodError': <clinit>> (0x00000000f78a49e8) thrown at [C:\re\workspace\8-2-build-windows-amd64-cygwin\jdk8u211\12973\hotspot\src\share\vm\prims\jni.cpp, line 1614]
Event: 4.326 Thread 0x000000001a0ae000 Exception <a 'java/lang/NoSuchMethodError': <clinit>> (0x00000000f78d5df8) thrown at [C:\re\workspace\8-2-build-windows-amd64-cygwin\jdk8u211\12973\hotspot\src\share\vm\prims\jni.cpp, line 1614]
Event: 4.330 Thread 0x000000001a0ae000 Exception <a 'java/lang/NoSuchMethodError': <clinit>> (0x00000000f7905e30) thrown at [C:\re\workspace\8-2-build-windows-amd64-cygwin\jdk8u211\12973\hotspot\src\share\vm\prims\jni.cpp, line 1614]
Event: 4.541 Thread 0x000000001a137000 Exception <a 'java/lang/NoSuchMethodError': java.lang.Object.lambda$static$0(Lorg/gradle/internal/state/ModelObject;)Ljava/lang/String;> (0x00000000f8dfc3f8) thrown at [C:\re\workspace\8-2-build-windows-amd64-cygwin\jdk8u211\12973\hotspot\src\share\vm\int
Event: 4.734 Thread 0x000000001a137000 Exception <a 'java/lang/NoSuchMethodError': java.lang.Object.lambda$and$0(Ljava/util/function/Predicate;Ljava/lang/Object;)Z> (0x00000000f632dbf8) thrown at [C:\re\workspace\8-2-build-windows-amd64-cygwin\jdk8u211\12973\hotspot\src\share\vm\interpreter\li
Event: 4.737 Thread 0x000000001a137000 Exception <a 'java/lang/IncompatibleClassChangeError': Found class java.lang.Object, but interface was expected> (0x00000000f633df88) thrown at [C:\re\workspace\8-2-build-windows-amd64-cygwin\jdk8u211\12973\hotspot\src\share\vm\interpreter\linkResolver.cp
Event: 4.739 Thread 0x000000001a137000 Exception <a 'java/lang/NoSuchMethodError': java.lang.Object.lambda$or$2(Ljava/util/function/Predicate;Ljava/lang/Object;)Z> (0x00000000f6342cc0) thrown at [C:\re\workspace\8-2-build-windows-amd64-cygwin\jdk8u211\12973\hotspot\src\share\vm\interpreter\lin
Event: 4.765 Thread 0x000000001a137000 Exception <a 'java/lang/NoSuchMethodError': java.lang.Object.lambda$comparing$77a9974f$1(Ljava/util/function/Function;Ljava/lang/Object;Ljava/lang/Object;)I> (0x00000000f66e35e0) thrown at [C:\re\workspace\8-2-build-windows-amd64-cygwin\jdk8u211\12973\hot

Events (10 events):
Event: 4.773 loading class org/gradle/cache/internal/FilesFinder done
Event: 4.773 loading class org/gradle/cache/CleanupAction
Event: 4.773 loading class org/gradle/cache/CleanupAction done
Event: 4.773 loading class org/gradle/api/internal/changedetection/state/DefaultFileAccessTimeJournal
Event: 4.773 loading class org/gradle/api/internal/changedetection/state/DefaultFileAccessTimeJournal done
Event: 4.774 Thread 0x000000001828c000 Thread added: 0x000000001828c000
Event: 4.775 loading class org/gradle/cache/internal/locklistener/FileLockPacketType
Event: 4.775 loading class org/gradle/cache/internal/locklistener/FileLockPacketType done
Event: 4.776 loading class org/gradle/cache/internal/locklistener/FileLockPacketPayload
Event: 4.776 loading class org/gradle/cache/internal/locklistener/FileLockPacketPayload done


Dynamic libraries:
0x00007ff60fad0000 - 0x00007ff60fb07000 	C:\Program Files\Java\jdk1.8.0_211\bin\java.exe
0x00007ffdf24e0000 - 0x00007ffdf26d0000 	C:\WINDOWS\SYSTEM32\ntdll.dll
0x00007ffdf0d70000 - 0x00007ffdf0e22000 	C:\WINDOWS\System32\KERNEL32.DLL
0x00007ffdef450000 - 0x00007ffdef6f5000 	C:\WINDOWS\System32\KERNELBASE.dll
0x00007ffdf1970000 - 0x00007ffdf1a13000 	C:\WINDOWS\System32\ADVAPI32.dll
0x00007ffdf2350000 - 0x00007ffdf23ee000 	C:\WINDOWS\System32\msvcrt.dll
0x00007ffdf0ea0000 - 0x00007ffdf0f37000 	C:\WINDOWS\System32\sechost.dll
0x00007ffdf0be0000 - 0x00007ffdf0cff000 	C:\WINDOWS\System32\RPCRT4.dll
0x00007ffdf21a0000 - 0x00007ffdf2334000 	C:\WINDOWS\System32\USER32.dll
0x00007ffdf04a0000 - 0x00007ffdf04c1000 	C:\WINDOWS\System32\win32u.dll
0x00007ffdf12c0000 - 0x00007ffdf12e6000 	C:\WINDOWS\System32\GDI32.dll
0x00007ffdf0300000 - 0x00007ffdf0498000 	C:\WINDOWS\System32\gdi32full.dll
0x00007ffdefef0000 - 0x00007ffdeff8e000 	C:\WINDOWS\System32\msvcp_win.dll
0x00007ffdf0200000 - 0x00007ffdf02fa000 	C:\WINDOWS\System32\ucrtbase.dll
0x00007ffdce200000 - 0x00007ffdce484000 	C:\WINDOWS\WinSxS\amd64_microsoft.windows.common-controls_6595b64144ccf1df_6.0.18362.1440_none_9e7dbfb9e45e8e67\COMCTL32.dll
0x00007ffdf0f50000 - 0x00007ffdf1286000 	C:\WINDOWS\System32\combase.dll
0x00007ffdf0500000 - 0x00007ffdf0581000 	C:\WINDOWS\System32\bcryptPrimitives.dll
0x00007ffdf1290000 - 0x00007ffdf12be000 	C:\WINDOWS\System32\IMM32.DLL
0x0000000054c10000 - 0x0000000054ce2000 	C:\Program Files\Java\jdk1.8.0_211\jre\bin\msvcr100.dll
0x0000000054360000 - 0x0000000054c05000 	C:\Program Files\Java\jdk1.8.0_211\jre\bin\server\jvm.dll
0x00007ffdf1aa0000 - 0x00007ffdf1aa8000 	C:\WINDOWS\System32\PSAPI.DLL
0x00007ffdd98f0000 - 0x00007ffdd98f9000 	C:\WINDOWS\SYSTEM32\WSOCK32.dll
0x00007ffde82a0000 - 0x00007ffde82aa000 	C:\WINDOWS\SYSTEM32\VERSION.dll
0x00007ffdeb650000 - 0x00007ffdeb674000 	C:\WINDOWS\SYSTEM32\WINMM.dll
0x00007ffdf0e30000 - 0x00007ffdf0e9f000 	C:\WINDOWS\System32\WS2_32.dll
0x00007ffdeb620000 - 0x00007ffdeb64d000 	C:\WINDOWS\SYSTEM32\WINMMBASE.dll
0x00007ffdefea0000 - 0x00007ffdefeea000 	C:\WINDOWS\System32\cfgmgr32.dll
0x00007ffdec010000 - 0x00007ffdec01f000 	C:\Program Files\Java\jdk1.8.0_211\jre\bin\verify.dll
0x00007ffde9530000 - 0x00007ffde9559000 	C:\Program Files\Java\jdk1.8.0_211\jre\bin\java.dll
0x00007ffde9750000 - 0x00007ffde9766000 	C:\Program Files\Java\jdk1.8.0_211\jre\bin\zip.dll
0x00007ffdf1ab0000 - 0x00007ffdf2198000 	C:\WINDOWS\System32\SHELL32.dll
0x00007ffdf23f0000 - 0x00007ffdf2497000 	C:\WINDOWS\System32\shcore.dll
0x00007ffdef700000 - 0x00007ffdefe7b000 	C:\WINDOWS\System32\windows.storage.dll
0x00007ffdef430000 - 0x00007ffdef44e000 	C:\WINDOWS\System32\profapi.dll
0x00007ffdef3a0000 - 0x00007ffdef3ea000 	C:\WINDOWS\System32\powrprof.dll
0x00007ffdef390000 - 0x00007ffdef3a0000 	C:\WINDOWS\System32\UMPDC.dll
0x00007ffdf0660000 - 0x00007ffdf06b2000 	C:\WINDOWS\System32\shlwapi.dll
0x00007ffdef3f0000 - 0x00007ffdef401000 	C:\WINDOWS\System32\kernel.appcore.dll
0x00007ffdefe80000 - 0x00007ffdefe97000 	C:\WINDOWS\System32\cryptsp.dll
0x00007ffde7010000 - 0x00007ffde702a000 	C:\Program Files\Java\jdk1.8.0_211\jre\bin\net.dll
0x00007ffdd71e0000 - 0x00007ffdd73b7000 	C:\WINDOWS\SYSTEM32\urlmon.dll
0x00007ffdd67d0000 - 0x00007ffdd6a77000 	C:\WINDOWS\SYSTEM32\iertutil.dll
0x00007ffdeed00000 - 0x00007ffdeed0c000 	C:\WINDOWS\SYSTEM32\CRYPTBASE.DLL
0x00007ffdeeb80000 - 0x00007ffdeebe7000 	C:\WINDOWS\system32\mswsock.dll
0x00007ffddf090000 - 0x00007ffddf0a2000 	C:\Program Files\Java\jdk1.8.0_211\jre\bin\nio.dll
0x00007ffde97c0000 - 0x00007ffde97e7000 	C:\Users\k.fabian\.gradle\native\fdc75f09e3144964f2cf3f50f0aa648679c211496f362492102eb8c894070792\windows-amd64\native-platform.dll
0x00007ffd959b0000 - 0x00007ffd95b46000 	C:\Users\k.fabian\.gradle\native\12488b8bf47d2d4c9fbf2f6322a914ad602e24e48041cd04a747c6da556b65c4\windows-amd64\native-platform-file-events.dll
0x00007ffdebef0000 - 0x00007ffdebefd000 	C:\Program Files\Java\jdk1.8.0_211\jre\bin\management.dll
0x00007ffdee710000 - 0x00007ffdee743000 	C:\WINDOWS\system32\rsaenh.dll
0x00007ffdf04d0000 - 0x00007ffdf04f6000 	C:\WINDOWS\System32\bcrypt.dll
0x00007ffdef270000 - 0x00007ffdef295000 	C:\WINDOWS\SYSTEM32\USERENV.dll
0x00007ffdee8a0000 - 0x00007ffdee8da000 	C:\WINDOWS\SYSTEM32\IPHLPAPI.DLL
0x00007ffdf2340000 - 0x00007ffdf2348000 	C:\WINDOWS\System32\NSI.dll
0x00007ffde7da0000 - 0x00007ffde7db6000 	C:\WINDOWS\SYSTEM32\dhcpcsvc6.DLL
0x00007ffde7d80000 - 0x00007ffde7d9c000 	C:\WINDOWS\SYSTEM32\dhcpcsvc.DLL
0x00007ffdee8e0000 - 0x00007ffdee9ab000 	C:\WINDOWS\SYSTEM32\DNSAPI.dll
0x00007ffde7dc0000 - 0x00007ffde7dcb000 	C:\WINDOWS\SYSTEM32\WINNSI.DLL

VM Arguments:
jvm_args: -XX:MaxMetaspaceSize=256m -XX:+HeapDumpOnOutOfMemoryError -Xms256m -Xmx512m -Dfile.encoding=windows-1252 -Duser.country=US -Duser.language=en -Duser.variant 
java_command: org.gradle.launcher.daemon.bootstrap.GradleDaemon 6.7.1
java_class_path (initial): C:\Users\k.fabian\.gradle\wrapper\dists\gradle-6.7.1-bin\bwlcbys1h7rz3272sye1xwiv6\gradle-6.7.1\lib\gradle-launcher-6.7.1.jar
Launcher Type: SUN_STANDARD

Environment Variables:
JAVA_HOME=C:\Program Files\Java\jdk1.8.0_211
JRE_HOME=C:\Program Files\Java\jre1.8.0_211
PATH=C:\Program Files (x86)\Common Files\Oracle\Java\javapath;C:\Program Files (x86)\Intel\Intel(R) Management Engine Components\iCLS\;C:\Program Files\Intel\Intel(R) Management Engine Components\iCLS\;C:\Windows\system32;C:\Windows;C:\Windows\System32\Wbem;C:\Windows\System32\WindowsPowerShell\v1.0\;C:\Windows\System32\OpenSSH\;C:\Program Files (x86)\Intel\Intel(R) Management Engine Components\DAL;C:\Program Files\Intel\Intel(R) Management Engine Components\DAL;C:\Program Files (x86)\Intel\Intel(R) Management Engine Components\IPT;C:\Program Files\Intel\Intel(R) Management Engine Components\IPT;C:\Program Files\Git\cmd;C:\Gradle\gradle-6.0.1\bin;C:\Program Files (x86)\NVIDIA Corporation\PhysX\Common;flutter\bin;C:\WINDOWS\system32;C:\WINDOWS;C:\WINDOWS\System32\Wbem;C:\WINDOWS\System32\WindowsPowerShell\v1.0\;C:\WINDOWS\System32\OpenSSH\;C:\Program Files\Intel\WiFi\bin\;C:\Program Files\Common Files\Intel\WirelessCommon\;C:\Program Files\PuTTY\;C:\Users\k.fabian\AppData\Roaming\nvm;C:\Program Files\nodejs;C:\Program Files\Docker\Docker\resources\bin;C:\ProgramData\DockerDesktop\version-bin;C:\Users\k.fabian\AppData\Roaming\npm;C:\Program Files\MySQL\MySQL Shell 8.0\bin\;C:\Users\k.fabian\AppData\Local\Programs\Microsoft VS Code\bin;C:\Program Files\Java\jre1.8.0_211\bin;C:\Users\k.fabian\AppData\Local\Microsoft\WindowsApps;C:\Program Files\Intel\WiFi\bin\;C:\Program Files\Common Files\Intel\WirelessCommon\;C:\Users\k.fabian\AppData\Roaming\nvm;C:\Program Files\nodejs
USERNAME=k.fabian
OS=Windows_NT
PROCESSOR_IDENTIFIER=Intel64 Family 6 Model 158 Stepping 10, GenuineIntel



---------------  S Y S T E M  ---------------

OS: Windows 10.0 , 64 bit Build 18362 (10.0.18362.1350)

CPU:total 12 (initial active 12) (6 cores per cpu, 2 threads per core) family 6 model 158 stepping 10, cmov, cx8, fxsr, mmx, sse, sse2, sse3, ssse3, sse4.1, sse4.2, popcnt, avx, avx2, aes, clmul, erms, 3dnowpref, lzcnt, ht, tsc, tscinvbit, bmi1, bmi2, adx

Memory: 4k page, physical 25008720k(4812880k free), swap 39131076k(5188k free)

vm_info: Java HotSpot(TM) 64-Bit Server VM (25.211-b12) for windows-amd64 JRE (1.8.0_211-b12), built on Apr  1 2019 20:53:26 by "java_re" with MS VC++ 10.0 (VS2010)

time: Wed Apr 14 16:55:24 2021
timezone: Malay Peninsula Standard Time
elapsed time: 4 seconds (0d 0h 0m 4s)

